
>>> Sweep cell: phaseA_v7_exp  (config: experiments/configs/phaseA_v7_exp.yaml)
[ 2000/12000] total=0.4829  mle=-0.9053  pl=5.5529  ode=0.0000  ic=0.0000  mono=0.0000  slope=0.0000  smth=0.0000  ref=0.0000  (9.3s)
[ 4000/12000] total=0.4829  mle=-0.9053  pl=5.5529  ode=0.0000  ic=0.0000  mono=0.0000  slope=0.0000  smth=0.0000  ref=0.0000  (18.5s)
[ 6000/12000] total=0.4829  mle=-0.9053  pl=5.5529  ode=0.0000  ic=0.0000  mono=0.0000  slope=0.0000  smth=0.0000  ref=0.0000  (27.7s)
[ 8000/12000] total=0.4829  mle=-0.9053  pl=5.5529  ode=0.0000  ic=0.0000  mono=0.0000  slope=0.0000  smth=0.0000  ref=0.0000  (36.9s)
[10000/12000] total=0.4829  mle=-0.9053  pl=5.5529  ode=0.0000  ic=0.0000  mono=0.0000  slope=0.0000  smth=0.0000  ref=0.0000  (46.1s)
[12000/12000] total=0.4829  mle=-0.9053  pl=5.5529  ode=0.0000  ic=0.0000  mono=0.0000  slope=0.0000  smth=0.0000  ref=0.0000  (55.1s)

==================================================
Evaluation complete:
  β RMSE:    0.0238  ✓
  Haz IRMSE: 0.0068  ✓
  C-index:   0.7865  ✓
  All passed: True
==================================================
Experiment saved to experiments/results/phaseA_v7_exp

>>> Sweep cell: phaseA_v7_weibull  (config: experiments/configs/phaseA_v7_weibull.yaml)
[ 2000/12000] total=0.4106  mle=-0.9414  pl=5.4051  ode=0.0000  ic=0.0000  mono=0.0000  slope=0.0000  smth=0.0001  ref=0.0000  (6.0s)
[ 4000/12000] total=0.4106  mle=-0.9414  pl=5.4051  ode=0.0000  ic=0.0000  mono=0.0000  slope=0.0000  smth=0.0001  ref=0.0000  (12.1s)
[ 6000/12000] total=0.4106  mle=-0.9414  pl=5.4051  ode=0.0000  ic=0.0000  mono=0.0000  slope=0.0000  smth=0.0001  ref=0.0000  (18.1s)
[ 8000/12000] total=0.4106  mle=-0.9414  pl=5.4051  ode=0.0000  ic=0.0000  mono=0.0000  slope=0.0000  smth=0.0001  ref=0.0000  (24.0s)
[10000/12000] total=0.4106  mle=-0.9414  pl=5.4051  ode=0.0000  ic=0.0000  mono=0.0000  slope=0.0000  smth=0.0001  ref=0.0000  (30.0s)
[12000/12000] total=0.4106  mle=-0.9414  pl=5.4051  ode=0.0000  ic=0.0000  mono=0.0000  slope=0.0000  smth=0.0001  ref=0.0000  (36.0s)

==================================================
Evaluation complete:
  β RMSE:    0.0135  ✓
  Haz IRMSE: 0.3691  ✗
  C-index:   0.7862  ✓
  All passed: False
==================================================
Experiment saved to experiments/results/phaseA_v7_weibull

>>> Sweep cell: phaseA_v7_gompertz  (config: experiments/configs/phaseA_v7_gompertz.yaml)
[ 2000/12000] total=0.5399  mle=-0.8045  pl=5.3778  ode=0.0000  ic=0.0000  mono=0.0000  slope=0.0000  smth=0.0000  ref=0.0000  (6.1s)
[ 4000/12000] total=0.5399  mle=-0.8045  pl=5.3778  ode=0.0000  ic=0.0000  mono=0.0000  slope=0.0000  smth=0.0000  ref=0.0000  (12.1s)
[ 6000/12000] total=0.5399  mle=-0.8045  pl=5.3778  ode=0.0000  ic=0.0000  mono=0.0000  slope=0.0000  smth=0.0000  ref=0.0000  (18.1s)
[ 8000/12000] total=0.5399  mle=-0.8045  pl=5.3778  ode=0.0000  ic=0.0000  mono=0.0000  slope=0.0000  smth=0.0000  ref=0.0000  (24.1s)
[10000/12000] total=0.5399  mle=-0.8045  pl=5.3778  ode=0.0000  ic=0.0000  mono=0.0000  slope=0.0000  smth=0.0000  ref=0.0000  (30.1s)
[12000/12000] total=0.5399  mle=-0.8045  pl=5.3778  ode=0.0000  ic=0.0000  mono=0.0000  slope=0.0000  smth=0.0000  ref=0.0000  (36.6s)

==================================================
Evaluation complete:
  β RMSE:    0.0156  ✓
  Haz IRMSE: 0.0750  ✗
  C-index:   0.7864  ✓
  All passed: False
==================================================
Experiment saved to experiments/results/phaseA_v7_gompertz

>>> Sweep cell: phaseA_v7_piecewise  (config: experiments/configs/phaseA_v7_piecewise.yaml)
[ 2000/12000] total=0.4449  mle=-0.9174  pl=5.4465  ode=0.0000  ic=0.0000  mono=0.0007  slope=0.0000  smth=0.0001  ref=0.0000  (6.1s)
[ 4000/12000] total=0.4441  mle=-0.9187  pl=5.4465  ode=0.0000  ic=0.0000  mono=0.0007  slope=0.0000  smth=0.0001  ref=0.0000  (12.2s)
[ 6000/12000] total=0.4441  mle=-0.9187  pl=5.4465  ode=0.0000  ic=0.0000  mono=0.0007  slope=0.0000  smth=0.0001  ref=0.0000  (18.2s)
[ 8000/12000] total=0.4441  mle=-0.9187  pl=5.4465  ode=0.0000  ic=0.0000  mono=0.0007  slope=0.0000  smth=0.0001  ref=0.0000  (24.1s)
[10000/12000] total=0.4441  mle=-0.9187  pl=5.4465  ode=0.0000  ic=0.0000  mono=0.0007  slope=0.0000  smth=0.0001  ref=0.0000  (30.6s)
[12000/12000] total=0.4441  mle=-0.9187  pl=5.4465  ode=0.0000  ic=0.0000  mono=0.0007  slope=0.0000  smth=0.0001  ref=0.0000  (36.6s)

==================================================
Evaluation complete:
  β RMSE:    0.0446  ✓
  Haz IRMSE: 0.5834  ✗
  C-index:   0.7859  ✓
  All passed: False
==================================================
Experiment saved to experiments/results/phaseA_v7_piecewise

=== Sweep complete: phaseA_v7 ===
Summary written to experiments/sweep_results/phaseA_v7/summary.csv|json|md
Architectures passing all thresholds: 1/4
